2019-12-09T07:15:36+00:00 CRITICAL Uncaught Error: Class 'Urus_Pluggable' not found in /var/www/html/wordpress_498/wp-content/themes/urus/functions.php:100
Stack trace:
#0 /var/www/html/wordpress_498/wp-content/themes/urus/functions.php(78): Urus::initialize()
#1 /var/www/html/wordpress_498/wp-content/themes/urus/functions.php(405): Urus->__construct()
#2 /var/www/html/wordpress_498/wp-settings.php(426): include('/var/www/html/w...')
#3 /var/www/html/wordpress_498/wp-config.php(91): require_once('/var/www/html/w...')
#4 /var/www/html/wordpress_498/wp-load.php(37): require_once('/var/www/html/w...')
#5 /var/www/html/wordpress_498/wp-admin/admin.php(31): require_once('/var/www/html/w...')
#6 /var/www/html/wordpress_498/wp-admin/customize.php(13): require_once('/var/www/html/w...')
#7 {main}
  thrown in /var/www/html/wordpress_498/wp-content/themes/urus/functions.php on line 100

2019-12-09T07:15:48+00:00 CRITICAL Uncaught Error: Class 'Urus_Pluggable' not found in /var/www/html/wordpress_498/wp-content/themes/urus/functions.php:100
Stack trace:
#0 /var/www/html/wordpress_498/wp-content/themes/urus/functions.php(78): Urus::initialize()
#1 /var/www/html/wordpress_498/wp-content/themes/urus/functions.php(405): Urus->__construct()
#2 /var/www/html/wordpress_498/wp-settings.php(426): include('/var/www/html/w...')
#3 /var/www/html/wordpress_498/wp-config.php(91): require_once('/var/www/html/w...')
#4 /var/www/html/wordpress_498/wp-load.php(37): require_once('/var/www/html/w...')
#5 /var/www/html/wordpress_498/wp-admin/admin.php(31): require_once('/var/www/html/w...')
#6 /var/www/html/wordpress_498/wp-admin/customize.php(13): require_once('/var/www/html/w...')
#7 {main}
  thrown in /var/www/html/wordpress_498/wp-content/themes/urus/functions.php on line 100

2019-12-09T07:35:06+00:00 CRITICAL Uncaught Error: Call to undefined function wc_review_ratings_enabled() in /var/www/html/wordpress_498/wp-content/themes/urus/woocommerce/single-product-reviews.php:72
Stack trace:
#0 /var/www/html/wordpress_498/wp-includes/comment-template.php(1472): require()
#1 /var/www/html/wordpress_498/wp-content/themes/urus/woocommerce/single-product/tabs/tabs.php(42): comments_template('reviews', Array)
#2 /var/www/html/wordpress_498/wp-content/plugins/woocommerce/includes/wc-core-functions.php(211): include('/var/www/html/w...')
#3 /var/www/html/wordpress_498/wp-content/plugins/woocommerce/includes/wc-template-functions.php(1418): wc_get_template('single-product/...')
#4 /var/www/html/wordpress_498/wp-includes/class-wp-hook.php(286): woocommerce_output_product_data_tabs('')
#5 /var/www/html/wordpress_498/wp-includes/class-wp-hook.php(310): WP_Hook->apply_filters('', Array)
#6 /var/www/html/wordpress_498/wp-includes/plugin.php(453): WP_Hook->do_action(Array)
#7 /var/www/html/wordpress_498/wp-content/themes/urus/woocomm in /var/www/html/wordpress_498/wp-content/themes/urus/woocommerce/single-product-reviews.php on line 72

2019-12-09T07:37:50+00:00 CRITICAL Uncaught Error: Call to undefined function wc_review_ratings_enabled() in /var/www/html/wordpress_498/wp-content/themes/urus/woocommerce/single-product-reviews.php:72
Stack trace:
#0 /var/www/html/wordpress_498/wp-includes/comment-template.php(1472): require()
#1 /var/www/html/wordpress_498/wp-content/themes/urus/woocommerce/single-product/tabs/tabs.php(42): comments_template('reviews', Array)
#2 /var/www/html/wordpress_498/wp-content/plugins/woocommerce/includes/wc-core-functions.php(211): include('/var/www/html/w...')
#3 /var/www/html/wordpress_498/wp-content/plugins/woocommerce/includes/wc-template-functions.php(1418): wc_get_template('single-product/...')
#4 /var/www/html/wordpress_498/wp-includes/class-wp-hook.php(286): woocommerce_output_product_data_tabs('')
#5 /var/www/html/wordpress_498/wp-includes/class-wp-hook.php(310): WP_Hook->apply_filters('', Array)
#6 /var/www/html/wordpress_498/wp-includes/plugin.php(453): WP_Hook->do_action(Array)
#7 /var/www/html/wordpress_498/wp-content/themes/urus/woocomm in /var/www/html/wordpress_498/wp-content/themes/urus/woocommerce/single-product-reviews.php on line 72

